Using pre-set license
Built from '2020.3/release' branch; Version is '2020.3.15f2 (6cf78cb77498) revision 7141260'; Using compiler version '192528614'; Build Type 'Release'
OS: 'Windows 10 Pro; OS build 19043.928; Version 2009; 64bit' Language: 'en' Physical Memory: 16239 MB
BatchMode: 1, IsHumanControllingUs: 0, StartBugReporterOnCrash: 0, Is64bit: 1, IsPro: 0

 COMMAND LINE ARGUMENTS:
C:\Users\peter\source\repos\2020.3.15f2\Editor\Unity.exe
-adb2
-batchMode
-noUpm
-name
AssetImportWorker1
-projectPath
C:/Users/peter/source/repos/HealthDataApp/HealthDataApp
-logFile
Logs/AssetImportWorker1.log
-srvPort
53435
Successfully changed project path to: C:/Users/peter/source/repos/HealthDataApp/HealthDataApp
C:/Users/peter/source/repos/HealthDataApp/HealthDataApp
Using Asset Import Pipeline V2.
Refreshing native plugins compatible for Editor in 67.83 ms, found 3 plugins.
Preloading 0 native plugins for Editor in 0.00 ms.
Initialize engine version: 2020.3.15f2 (6cf78cb77498)
[Subsystems] Discovering subsystems at path C:/Users/peter/source/repos/2020.3.15f2/Editor/Data/Resources/UnitySubsystems
[Subsystems] Discovering subsystems at path C:/Users/peter/source/repos/HealthDataApp/HealthDataApp/Assets
GfxDevice: creating device client; threaded=0
Direct3D:
    Version:  Direct3D 11.0 [level 11.0]
    Renderer: NVIDIA Quadro K620 (ID=0x13bb)
    Vendor:   
    VRAM:     2007 MB
    Driver:   27.21.14.6296
Initialize mono
Mono path[0] = 'C:/Users/peter/source/repos/2020.3.15f2/Editor/Data/Managed'
Mono path[1] = 'C:/Users/peter/source/repos/2020.3.15f2/Editor/Data/MonoBleedingEdge/lib/mono/unityjit'
Mono config path = 'C:/Users/peter/source/repos/2020.3.15f2/Editor/Data/MonoBleedingEdge/etc'
Using monoOptions --debugger-agent=transport=dt_socket,embedding=1,server=y,suspend=n,address=127.0.0.1:56556
Begin MonoManager ReloadAssembly
